<?xml version="1.0" encoding="UTF-8"?>
<!-- Generated by org.testng.reporters.JUnitReportReporter -->
<testsuite hostname="DNV" name="homePage.Login" tests="2" failures="0" timestamp="13 Nov 2020 12:06:00 GMT" time="0.009" errors="0">
  <testcase name="m1" time="0.007" classname="homePage.Login"/>
  <testcase name="m2" time="0.002" classname="homePage.Login"/>
</testsuite> <!-- homePage.Login -->
